# JRE version: OpenJDK Runtime Environment (17.0.6) (build 17.0.6+0-b2043.56-9586694)
# Java VM: OpenJDK 64-Bit Server VM (17.0.6+0-b2043.56-9586694, mixed mode, tiered, compressed oops, compressed class ptrs, g1 gc, windows-amd64)
GC Precious Log:
 CPUs: 16 total, 16 available
 Memory: 16287M
 Large Page Support: Disabled
 NUMA Support: Disabled
 Compressed Oops: Enabled (32-bit)
 Heap Region Size: 1M
 Heap Min Capacity: 8M
 Heap Initial Capacity: 256M
 Heap Max Capacity: 2G
 Pre-touch: Disabled
 Parallel Workers: 13
 Concurrent Workers: 3
 Concurrent Refinement Workers: 13
 Periodic GC: Disabled
Heap:
 garbage-first heap   total 303104K, used 249953K [0x0000000080000000, 0x0000000100000000)
  region size 1024K, 148 young (151552K), 6 survivors (6144K)
 Metaspace       used 99244K, committed 99776K, reserved 1138688K
  class space    used 13312K, committed 13568K, reserved 1048576K
GC Heap History (20 events):
Event: 8.137 GC heap before
{Heap before GC invocations=29 (full 0):
 garbage-first heap   total 122880K, used 100737K [0x0000000080000000, 0x0000000100000000)
  region size 1024K, 43 young (44032K), 6 survivors (6144K)
 Metaspace       used 81821K, committed 82432K, reserved 1122304K
  class space    used 11110K, committed 11392K, reserved 1048576K
}
Event: 8.142 GC heap after
{Heap after GC invocations=30 (full 0):
 garbage-first heap   total 122880K, used 66231K [0x0000000080000000, 0x0000000100000000)
  region size 1024K, 6 young (6144K), 6 survivors (6144K)
 Metaspace       used 81821K, committed 82432K, reserved 1122304K
  class space    used 11110K, committed 11392K, reserved 1048576K
}
Event: 8.380 GC heap before
{Heap before GC invocations=31 (full 0):
 garbage-first heap   total 122880K, used 101047K [0x0000000080000000, 0x0000000100000000)
  region size 1024K, 40 young (40960K), 6 survivors (6144K)
 Metaspace       used 81961K, committed 82624K, reserved 1122304K
  class space    used 11124K, committed 11392K, reserved 1048576K
}
Event: 8.384 GC heap after
{Heap after GC invocations=32 (full 0):
 garbage-first heap   total 122880K, used 72083K [0x0000000080000000, 0x0000000100000000)
  region size 1024K, 5 young (5120K), 5 survivors (5120K)
 Metaspace       used 81961K, committed 82624K, reserved 1122304K
  class space    used 11124K, committed 11392K, reserved 1048576K
}
Event: 8.392 GC heap before
{Heap before GC invocations=32 (full 0):
 garbage-first heap   total 122880K, used 73107K [0x0000000080000000, 0x0000000100000000)
  region size 1024K, 6 young (6144K), 5 survivors (5120K)
 Metaspace       used 81962K, committed 82624K, reserved 1122304K
  class space    used 11124K, committed 11392K, reserved 1048576K
}
Event: 8.395 GC heap after
{Heap after GC invocations=33 (full 0):
 garbage-first heap   total 122880K, used 73377K [0x0000000080000000, 0x0000000100000000)
  region size 1024K, 1 young (1024K), 1 survivors (1024K)
 Metaspace       used 81962K, committed 82624K, reserved 1122304K
  class space    used 11124K, committed 11392K, reserved 1048576K
}
Event: 8.861 GC heap before
{Heap before GC invocations=33 (full 0):
 garbage-first heap   total 122880K, used 101025K [0x0000000080000000, 0x0000000100000000)
  region size 1024K, 28 young (28672K), 1 survivors (1024K)
 Metaspace       used 84360K, committed 84992K, reserved 1122304K
  class space    used 11606K, committed 11904K, reserved 1048576K
}
Event: 8.863 GC heap after
{Heap after GC invocations=34 (full 0):
 garbage-first heap   total 122880K, used 74702K [0x0000000080000000, 0x0000000100000000)
  region size 1024K, 3 young (3072K), 3 survivors (3072K)
 Metaspace       used 84360K, committed 84992K, reserved 1122304K
  class space    used 11606K, committed 11904K, reserved 1048576K
}
Event: 8.991 GC heap before
{Heap before GC invocations=35 (full 0):
 garbage-first heap   total 135168K, used 100302K [0x0000000080000000, 0x0000000100000000)
  region size 1024K, 29 young (29696K), 3 survivors (3072K)
 Metaspace       used 84837K, committed 85440K, reserved 1122304K
  class space    used 11745K, committed 12032K, reserved 1048576K
}
Event: 8.993 GC heap after
{Heap after GC invocations=36 (full 0):
 garbage-first heap   total 135168K, used 76525K [0x0000000080000000, 0x0000000100000000)
  region size 1024K, 4 young (4096K), 4 survivors (4096K)
 Metaspace       used 84837K, committed 85440K, reserved 1122304K
  class space    used 11745K, committed 12032K, reserved 1048576K
}
Event: 8.998 GC heap before
{Heap before GC invocations=36 (full 0):
 garbage-first heap   total 135168K, used 77549K [0x0000000080000000, 0x0000000100000000)
  region size 1024K, 6 young (6144K), 4 survivors (4096K)
 Metaspace       used 84846K, committed 85440K, reserved 1122304K
  class space    used 11745K, committed 12032K, reserved 1048576K
}
Event: 9.001 GC heap after
{Heap after GC invocations=37 (full 0):
 garbage-first heap   total 135168K, used 76657K [0x0000000080000000, 0x0000000100000000)
  region size 1024K, 1 young (1024K), 1 survivors (1024K)
 Metaspace       used 84846K, committed 85440K, reserved 1122304K
  class space    used 11745K, committed 12032K, reserved 1048576K
}
Event: 9.313 GC heap before
{Heap before GC invocations=37 (full 0):
 garbage-first heap   total 135168K, used 109425K [0x0000000080000000, 0x0000000100000000)
  region size 1024K, 34 young (34816K), 1 survivors (1024K)
 Metaspace       used 85251K, committed 85952K, reserved 1130496K
  class space    used 11781K, committed 12096K, reserved 1048576K
}
Event: 9.318 GC heap after
{Heap after GC invocations=38 (full 0):
 garbage-first heap   total 303104K, used 78625K [0x0000000080000000, 0x0000000100000000)
  region size 1024K, 3 young (3072K), 3 survivors (3072K)
 Metaspace       used 85251K, committed 85952K, reserved 1130496K
  class space    used 11781K, committed 12096K, reserved 1048576K
}
Event: 2512.113 GC heap before
{Heap before GC invocations=39 (full 0):
 garbage-first heap   total 303104K, used 230177K [0x0000000080000000, 0x0000000100000000)
  region size 1024K, 152 young (155648K), 3 survivors (3072K)
 Metaspace       used 87026K, committed 87616K, reserved 1130496K
  class space    used 11918K, committed 12224K, reserved 1048576K
}
Event: 2512.128 GC heap after
{Heap after GC invocations=40 (full 0):
 garbage-first heap   total 303104K, used 84503K [0x0000000080000000, 0x0000000100000000)
  region size 1024K, 9 young (9216K), 9 survivors (9216K)
 Metaspace       used 87026K, committed 87616K, reserved 1130496K
  class space    used 11918K, committed 12224K, reserved 1048576K
}
Event: 2785.122 GC heap before
{Heap before GC invocations=40 (full 0):
 garbage-first heap   total 303104K, used 89623K [0x0000000080000000, 0x0000000100000000)
  region size 1024K, 14 young (14336K), 9 survivors (9216K)
 Metaspace       used 87058K, committed 87680K, reserved 1130496K
  class space    used 11918K, committed 12224K, reserved 1048576K
}
Event: 2785.140 GC heap after
{Heap after GC invocations=41 (full 0):
 garbage-first heap   total 303104K, used 84296K [0x0000000080000000, 0x0000000100000000)
  region size 1024K, 1 young (1024K), 1 survivors (1024K)
 Metaspace       used 87058K, committed 87680K, reserved 1130496K
  class space    used 11918K, committed 12224K, reserved 1048576K
}
Event: 8618.673 GC heap before
{Heap before GC invocations=41 (full 0):
 garbage-first heap   total 303104K, used 235848K [0x0000000080000000, 0x0000000100000000)
  region size 1024K, 149 young (152576K), 1 survivors (1024K)
 Metaspace       used 87766K, committed 88384K, reserved 1130496K
  class space    used 11944K, committed 12224K, reserved 1048576K
}
Event: 8618.689 GC heap after
{Heap after GC invocations=42 (full 0):
 garbage-first heap   total 303104K, used 89185K [0x0000000080000000, 0x0000000100000000)
  region size 1024K, 6 young (6144K), 6 survivors (6144K)
 Metaspace       used 87766K, committed 88384K, reserved 1130496K
  class space    used 11944K, committed 12224K, reserved 1048576K
}

